<?xml version="1.0" encoding="UTF-8"?>
<!-- Generated by org.testng.reporters.JUnitReportReporter -->
<testsuite skipped="0" hostname="DESKTOP-81BPFCL" name="getRequest.GetData" tests="1" failures="0" timestamp="2020-01-05T13:58:55 IST" time="3.667" errors="0">
  <testcase name="testResonseCode" time="3.667" classname="getRequest.GetData"/>
</testsuite> <!-- getRequest.GetData -->
